[5.358s] DEBUG:colcon:Command line arguments: ['/usr/bin/colcon', 'build']
[5.359s] DEBUG:colcon:Parsed command line arguments: Namespace(log_base=None, log_level=None, verb_name='build', build_base='build', install_base='install', merge_install=False, symlink_install=False, test_result_base=None, continue_on_error=False, executor='parallel', parallel_workers=4, event_handlers=None, ignore_user_meta=False, metas=['./colcon.meta'], base_paths=['.'], packages_ignore=None, packages_ignore_regex=None, paths=None, packages_up_to=None, packages_up_to_regex=None, packages_above=None, packages_above_and_dependencies=None, packages_above_depth=None, packages_select_by_dep=None, packages_skip_by_dep=None, packages_skip_up_to=None, packages_select_build_failed=False, packages_skip_build_finished=False, packages_select_test_failures=False, packages_skip_test_passed=False, packages_select=None, packages_skip=None, packages_select_regex=None, packages_skip_regex=None, packages_start=None, packages_end=None, allow_overriding=[], cmake_args=None, cmake_target=None, cmake_target_skip_unavailable=False, cmake_clean_cache=False, cmake_clean_first=False, cmake_force_configure=False, ament_cmake_args=None, catkin_cmake_args=None, catkin_skip_building_tests=False, verb_parser=<colcon_defaults.argument_parser.defaults.DefaultArgumentsDecorator object at 0xffffbd35a710>, verb_extension=<colcon_core.verb.build.BuildVerb object at 0xffffbd74e830>, main=<bound method BuildVerb.main of <colcon_core.verb.build.BuildVerb object at 0xffffbd74e830>>)
[5.708s] Level 1:colcon.colcon_core.package_discovery:discover_packages(colcon_meta) check parameters
[5.709s] Level 1:colcon.colcon_core.package_discovery:discover_packages(recursive) check parameters
[5.709s] Level 1:colcon.colcon_core.package_discovery:discover_packages(ignore) check parameters
[5.709s] Level 1:colcon.colcon_core.package_discovery:discover_packages(path) check parameters
[5.709s] Level 1:colcon.colcon_core.package_discovery:discover_packages(colcon_meta) discover
[5.710s] Level 1:colcon.colcon_core.package_discovery:discover_packages(recursive) discover
[5.710s] INFO:colcon.colcon_core.package_discovery:Crawling recursively for packages in '/home/burger/ros2_ws/src/ironman_object_follower'
[5.711s] Level 1:colcon.colcon_core.package_identification:_identify(.) by extensions ['ignore', 'ignore_ament_install']
[5.712s] Level 1:colcon.colcon_core.package_identification:_identify(.) by extension 'ignore'
[5.712s] Level 1:colcon.colcon_core.package_identification:_identify(.) by extension 'ignore_ament_install'
[5.713s] Level 1:colcon.colcon_core.package_identification:_identify(.) by extensions ['colcon_pkg']
[5.713s] Level 1:colcon.colcon_core.package_identification:_identify(.) by extension 'colcon_pkg'
[5.713s] Level 1:colcon.colcon_core.package_identification:_identify(.) by extensions ['colcon_meta']
[5.713s] Level 1:colcon.colcon_core.package_identification:_identify(.) by extension 'colcon_meta'
[5.713s] Level 1:colcon.colcon_core.package_identification:_identify(.) by extensions ['ros']
[5.714s] Level 1:colcon.colcon_core.package_identification:_identify(.) by extension 'ros'
[5.802s] DEBUG:colcon.colcon_core.package_identification:Package '.' with type 'ros.ament_python' and name 'ironman_object_follower'
[5.802s] Level 1:colcon.colcon_core.package_discovery:discover_packages(recursive) using defaults
[5.803s] Level 1:colcon.colcon_core.package_discovery:discover_packages(ignore) discover
[5.803s] Level 1:colcon.colcon_core.package_discovery:discover_packages(ignore) using defaults
[5.803s] Level 1:colcon.colcon_core.package_discovery:discover_packages(path) discover
[5.803s] Level 1:colcon.colcon_core.package_discovery:discover_packages(path) using defaults
[6.441s] Level 1:colcon.colcon_core.package_discovery:discover_packages(prefix_path) check parameters
[6.444s] Level 1:colcon.colcon_core.package_discovery:discover_packages(prefix_path) discover
[6.631s] DEBUG:colcon.colcon_installed_package_information.package_discovery:Found 1 installed packages in /home/burger/ros2_ws/src/ironman_object_follower/install
[6.701s] DEBUG:colcon.colcon_installed_package_information.package_discovery:Found 8 installed packages in /home/burger/dontTouch_ws/install
[6.778s] DEBUG:colcon.colcon_installed_package_information.package_discovery:Found 206 installed packages in /opt/ros/humble
[6.784s] Level 1:colcon.colcon_core.package_discovery:discover_packages(prefix_path) using defaults
[7.165s] Level 5:colcon.colcon_core.verb:set package 'ironman_object_follower' build argument 'cmake_args' from command line to 'None'
[7.166s] Level 5:colcon.colcon_core.verb:set package 'ironman_object_follower' build argument 'cmake_target' from command line to 'None'
[7.166s] Level 5:colcon.colcon_core.verb:set package 'ironman_object_follower' build argument 'cmake_target_skip_unavailable' from command line to 'False'
[7.166s] Level 5:colcon.colcon_core.verb:set package 'ironman_object_follower' build argument 'cmake_clean_cache' from command line to 'False'
[7.166s] Level 5:colcon.colcon_core.verb:set package 'ironman_object_follower' build argument 'cmake_clean_first' from command line to 'False'
[7.166s] Level 5:colcon.colcon_core.verb:set package 'ironman_object_follower' build argument 'cmake_force_configure' from command line to 'False'
[7.166s] Level 5:colcon.colcon_core.verb:set package 'ironman_object_follower' build argument 'ament_cmake_args' from command line to 'None'
[7.166s] Level 5:colcon.colcon_core.verb:set package 'ironman_object_follower' build argument 'catkin_cmake_args' from command line to 'None'
[7.166s] Level 5:colcon.colcon_core.verb:set package 'ironman_object_follower' build argument 'catkin_skip_building_tests' from command line to 'False'
[7.166s] DEBUG:colcon.colcon_core.verb:Building package 'ironman_object_follower' with the following arguments: {'ament_cmake_args': None, 'build_base': '/home/burger/ros2_ws/src/ironman_object_follower/build/ironman_object_follower', 'catkin_cmake_args': None, 'catkin_skip_building_tests': False, 'cmake_args': None, 'cmake_clean_cache': False, 'cmake_clean_first': False, 'cmake_force_configure': False, 'cmake_target': None, 'cmake_target_skip_unavailable': False, 'install_base': '/home/burger/ros2_ws/src/ironman_object_follower/install/ironman_object_follower', 'merge_install': False, 'path': '/home/burger/ros2_ws/src/ironman_object_follower', 'symlink_install': False, 'test_result_base': None}
[7.244s] INFO:colcon.colcon_core.executor:Executing jobs using 'parallel' executor
[7.316s] DEBUG:colcon.colcon_parallel_executor.executor.parallel:run_until_complete
[7.317s] INFO:colcon.colcon_ros.task.ament_python.build:Building ROS package in '/home/burger/ros2_ws/src/ironman_object_follower' with build type 'ament_python'
[7.318s] Level 1:colcon.colcon_core.shell:create_environment_hook('ironman_object_follower', 'ament_prefix_path')
[7.458s] INFO:colcon.colcon_core.plugin_system:Skipping extension 'colcon_core.shell.bat': Not used on non-Windows systems
[7.459s] INFO:colcon.colcon_core.shell:Creating environment hook '/home/burger/ros2_ws/src/ironman_object_follower/install/ironman_object_follower/share/ironman_object_follower/hook/ament_prefix_path.ps1'
[7.462s] INFO:colcon.colcon_core.shell:Creating environment descriptor '/home/burger/ros2_ws/src/ironman_object_follower/install/ironman_object_follower/share/ironman_object_follower/hook/ament_prefix_path.dsv'
[7.464s] INFO:colcon.colcon_core.shell:Creating environment hook '/home/burger/ros2_ws/src/ironman_object_follower/install/ironman_object_follower/share/ironman_object_follower/hook/ament_prefix_path.sh'
[7.541s] INFO:colcon.colcon_core.shell:Skip shell extension 'powershell' for command environment: Not usable outside of PowerShell
[7.541s] DEBUG:colcon.colcon_core.shell:Skip shell extension 'dsv' for command environment
[9.298s] INFO:colcon.colcon_core.task.python.build:Building Python package in '/home/burger/ros2_ws/src/ironman_object_follower'
[9.369s] INFO:colcon.colcon_core.shell:Skip shell extension 'powershell' for command environment: Not usable outside of PowerShell
[9.370s] DEBUG:colcon.colcon_core.shell:Skip shell extension 'dsv' for command environment
[13.187s] DEBUG:colcon.colcon_core.event_handler.log_command:Invoking command in '/home/burger/ros2_ws/src/ironman_object_follower': PYTHONPATH=/home/burger/ros2_ws/src/ironman_object_follower/build/ironman_object_follower/prefix_override:/home/burger/ros2_ws/src/ironman_object_follower/install/ironman_object_follower/lib/python3.10/site-packages:${PYTHONPATH} /usr/bin/python3 setup.py egg_info --egg-base build/ironman_object_follower build --build-base /home/burger/ros2_ws/src/ironman_object_follower/build/ironman_object_follower/build install --record /home/burger/ros2_ws/src/ironman_object_follower/build/ironman_object_follower/install.log --single-version-externally-managed
[16.187s] DEBUG:colcon.colcon_core.event_handler.log_command:Invoked command in '/home/burger/ros2_ws/src/ironman_object_follower' returned '0': PYTHONPATH=/home/burger/ros2_ws/src/ironman_object_follower/build/ironman_object_follower/prefix_override:/home/burger/ros2_ws/src/ironman_object_follower/install/ironman_object_follower/lib/python3.10/site-packages:${PYTHONPATH} /usr/bin/python3 setup.py egg_info --egg-base build/ironman_object_follower build --build-base /home/burger/ros2_ws/src/ironman_object_follower/build/ironman_object_follower/build install --record /home/burger/ros2_ws/src/ironman_object_follower/build/ironman_object_follower/install.log --single-version-externally-managed
[16.321s] Level 1:colcon.colcon_core.environment:checking '/home/burger/ros2_ws/src/ironman_object_follower/install/ironman_object_follower' for CMake module files
[16.327s] Level 1:colcon.colcon_core.environment:checking '/home/burger/ros2_ws/src/ironman_object_follower/install/ironman_object_follower' for CMake config files
[16.331s] Level 1:colcon.colcon_core.environment:checking '/home/burger/ros2_ws/src/ironman_object_follower/install/ironman_object_follower/lib'
[16.332s] Level 1:colcon.colcon_core.environment:checking '/home/burger/ros2_ws/src/ironman_object_follower/install/ironman_object_follower/bin'
[16.333s] Level 1:colcon.colcon_core.environment:checking '/home/burger/ros2_ws/src/ironman_object_follower/install/ironman_object_follower/lib/pkgconfig/ironman_object_follower.pc'
[16.334s] Level 1:colcon.colcon_core.environment:checking '/home/burger/ros2_ws/src/ironman_object_follower/install/ironman_object_follower/lib/python3.10/site-packages'
[16.334s] Level 1:colcon.colcon_core.shell:create_environment_hook('ironman_object_follower', 'pythonpath')
[16.420s] INFO:colcon.colcon_core.shell:Creating environment hook '/home/burger/ros2_ws/src/ironman_object_follower/install/ironman_object_follower/share/ironman_object_follower/hook/pythonpath.ps1'
[16.422s] INFO:colcon.colcon_core.shell:Creating environment descriptor '/home/burger/ros2_ws/src/ironman_object_follower/install/ironman_object_follower/share/ironman_object_follower/hook/pythonpath.dsv'
[16.427s] INFO:colcon.colcon_core.shell:Creating environment hook '/home/burger/ros2_ws/src/ironman_object_follower/install/ironman_object_follower/share/ironman_object_follower/hook/pythonpath.sh'
[16.430s] Level 1:colcon.colcon_core.environment:checking '/home/burger/ros2_ws/src/ironman_object_follower/install/ironman_object_follower/bin'
[16.431s] Level 1:colcon.colcon_core.environment:create_environment_scripts_only(ironman_object_follower)
[16.500s] INFO:colcon.colcon_core.shell:Creating package script '/home/burger/ros2_ws/src/ironman_object_follower/install/ironman_object_follower/share/ironman_object_follower/package.ps1'
[16.504s] INFO:colcon.colcon_core.shell:Creating package descriptor '/home/burger/ros2_ws/src/ironman_object_follower/install/ironman_object_follower/share/ironman_object_follower/package.dsv'
[16.507s] INFO:colcon.colcon_core.shell:Creating package script '/home/burger/ros2_ws/src/ironman_object_follower/install/ironman_object_follower/share/ironman_object_follower/package.sh'
[16.511s] INFO:colcon.colcon_core.shell:Creating package script '/home/burger/ros2_ws/src/ironman_object_follower/install/ironman_object_follower/share/ironman_object_follower/package.bash'
[16.514s] INFO:colcon.colcon_core.shell:Creating package script '/home/burger/ros2_ws/src/ironman_object_follower/install/ironman_object_follower/share/ironman_object_follower/package.zsh'
[16.517s] Level 1:colcon.colcon_core.environment:create_file_with_runtime_dependencies(/home/burger/ros2_ws/src/ironman_object_follower/install/ironman_object_follower/share/colcon-core/packages/ironman_object_follower)
[16.519s] DEBUG:colcon.colcon_parallel_executor.executor.parallel:closing loop
[16.520s] DEBUG:colcon.colcon_parallel_executor.executor.parallel:loop closed
[16.520s] DEBUG:colcon.colcon_parallel_executor.executor.parallel:run_until_complete finished with '0'
[16.521s] DEBUG:colcon.colcon_core.event_reactor:joining thread
[16.626s] INFO:colcon.colcon_core.plugin_system:Skipping extension 'colcon_notification.desktop_notification.notify_send': Could not find 'notify-send'
[16.633s] INFO:colcon.colcon_core.plugin_system:Skipping extension 'colcon_notification.desktop_notification.terminal_notifier': Not used on non-Darwin systems
[16.634s] INFO:colcon.colcon_core.plugin_system:Skipping extension 'colcon_notification.desktop_notification.win32': Not used on non-Windows systems
[16.634s] INFO:colcon.colcon_notification.desktop_notification:Sending desktop notification using 'notify2'
[16.637s] DEBUG:colcon.colcon_notification.desktop_notification.notify2:Failed to initialize notify2: org.freedesktop.DBus.Error.ServiceUnknown: The name org.freedesktop.Notifications was not provided by any .service files
[16.638s] DEBUG:colcon.colcon_core.event_reactor:joined thread
[16.701s] INFO:colcon.colcon_core.shell:Creating prefix script '/home/burger/ros2_ws/src/ironman_object_follower/install/local_setup.ps1'
[16.704s] INFO:colcon.colcon_core.shell:Creating prefix util module '/home/burger/ros2_ws/src/ironman_object_follower/install/_local_setup_util_ps1.py'
[16.710s] INFO:colcon.colcon_core.shell:Creating prefix chain script '/home/burger/ros2_ws/src/ironman_object_follower/install/setup.ps1'
[16.793s] INFO:colcon.colcon_core.shell:Creating prefix script '/home/burger/ros2_ws/src/ironman_object_follower/install/local_setup.sh'
[16.796s] INFO:colcon.colcon_core.shell:Creating prefix util module '/home/burger/ros2_ws/src/ironman_object_follower/install/_local_setup_util_sh.py'
[16.799s] INFO:colcon.colcon_core.shell:Creating prefix chain script '/home/burger/ros2_ws/src/ironman_object_follower/install/setup.sh'
[16.888s] INFO:colcon.colcon_core.shell:Creating prefix script '/home/burger/ros2_ws/src/ironman_object_follower/install/local_setup.bash'
[16.891s] INFO:colcon.colcon_core.shell:Creating prefix chain script '/home/burger/ros2_ws/src/ironman_object_follower/install/setup.bash'
[17.017s] INFO:colcon.colcon_core.shell:Creating prefix script '/home/burger/ros2_ws/src/ironman_object_follower/install/local_setup.zsh'
[17.021s] INFO:colcon.colcon_core.shell:Creating prefix chain script '/home/burger/ros2_ws/src/ironman_object_follower/install/setup.zsh'
