running egg_info
writing build/ironman_object_follower/ironman_object_follower.egg-info/PKG-INFO
writing dependency_links to build/ironman_object_follower/ironman_object_follower.egg-info/dependency_links.txt
writing entry points to build/ironman_object_follower/ironman_object_follower.egg-info/entry_points.txt
writing requirements to build/ironman_object_follower/ironman_object_follower.egg-info/requires.txt
writing top-level names to build/ironman_object_follower/ironman_object_follower.egg-info/top_level.txt
reading manifest file 'build/ironman_object_follower/ironman_object_follower.egg-info/SOURCES.txt'
writing manifest file 'build/ironman_object_follower/ironman_object_follower.egg-info/SOURCES.txt'
running build
running build_py
running install
running install_lib
running install_data
running install_egg_info
removing '/home/burger/ros2_ws/src/ironman_object_follower/install/ironman_object_follower/lib/python3.10/site-packages/ironman_object_follower-0.0.0-py3.10.egg-info' (and everything under it)
Copying build/ironman_object_follower/ironman_object_follower.egg-info to /home/burger/ros2_ws/src/ironman_object_follower/install/ironman_object_follower/lib/python3.10/site-packages/ironman_object_follower-0.0.0-py3.10.egg-info
running install_scripts
Installing view_image_raw script to /home/burger/ros2_ws/src/ironman_object_follower/install/ironman_object_follower/lib/ironman_object_follower
Installing view_image_raw2 script to /home/burger/ros2_ws/src/ironman_object_follower/install/ironman_object_follower/lib/ironman_object_follower
writing list of installed files to '/home/burger/ros2_ws/src/ironman_object_follower/build/ironman_object_follower/install.log'
