[4.676s] Invoking command in '/home/burger/ros2_ws/src/ironman_object_follower': PYTHONPATH=/home/burger/ros2_ws/src/ironman_object_follower/build/ironman_object_follower/prefix_override:/home/burger/ros2_ws/src/ironman_object_follower/install/ironman_object_follower/lib/python3.10/site-packages:${PYTHONPATH} /usr/bin/python3 setup.py egg_info --egg-base build/ironman_object_follower build --build-base /home/burger/ros2_ws/src/ironman_object_follower/build/ironman_object_follower/build install --record /home/burger/ros2_ws/src/ironman_object_follower/build/ironman_object_follower/install.log --single-version-externally-managed
[5.678s] running egg_info
[5.739s] writing build/ironman_object_follower/ironman_object_follower.egg-info/PKG-INFO
[5.741s] writing dependency_links to build/ironman_object_follower/ironman_object_follower.egg-info/dependency_links.txt
[5.742s] writing entry points to build/ironman_object_follower/ironman_object_follower.egg-info/entry_points.txt
[5.743s] writing requirements to build/ironman_object_follower/ironman_object_follower.egg-info/requires.txt
[5.744s] writing top-level names to build/ironman_object_follower/ironman_object_follower.egg-info/top_level.txt
[5.866s] reading manifest file 'build/ironman_object_follower/ironman_object_follower.egg-info/SOURCES.txt'
[5.872s] writing manifest file 'build/ironman_object_follower/ironman_object_follower.egg-info/SOURCES.txt'
[5.873s] running build
[5.874s] running build_py
[5.880s] running install
[5.884s] /usr/local/lib/python3.10/dist-packages/setuptools/_distutils/cmd.py:66: SetuptoolsDeprecationWarning: setup.py install is deprecated.
[5.884s] !!
[5.884s] 
[5.885s]         ********************************************************************************
[5.885s]         Please avoid running ``setup.py`` directly.
[5.885s]         Instead, use pypa/build, pypa/installer or other
[5.886s]         standards-based tools.
[5.886s] 
[5.886s]         See https://blog.ganssle.io/articles/2021/10/setup-py-deprecated.html for details.
[5.886s]         ********************************************************************************
[5.887s] 
[5.887s] !!
[5.887s]   self.initialize_options()
[5.904s] running install_lib
[5.979s] running install_data
[6.051s] running install_egg_info
[6.117s] removing '/home/burger/ros2_ws/src/ironman_object_follower/install/ironman_object_follower/lib/python3.10/site-packages/ironman_object_follower-0.0.0-py3.10.egg-info' (and everything under it)
[6.119s] Copying build/ironman_object_follower/ironman_object_follower.egg-info to /home/burger/ros2_ws/src/ironman_object_follower/install/ironman_object_follower/lib/python3.10/site-packages/ironman_object_follower-0.0.0-py3.10.egg-info
[6.128s] running install_scripts
[6.767s] Installing view_image_raw script to /home/burger/ros2_ws/src/ironman_object_follower/install/ironman_object_follower/lib/ironman_object_follower
[6.769s] Installing view_image_raw2 script to /home/burger/ros2_ws/src/ironman_object_follower/install/ironman_object_follower/lib/ironman_object_follower
[6.772s] writing list of installed files to '/home/burger/ros2_ws/src/ironman_object_follower/build/ironman_object_follower/install.log'
[6.909s] Invoked command in '/home/burger/ros2_ws/src/ironman_object_follower' returned '0': PYTHONPATH=/home/burger/ros2_ws/src/ironman_object_follower/build/ironman_object_follower/prefix_override:/home/burger/ros2_ws/src/ironman_object_follower/install/ironman_object_follower/lib/python3.10/site-packages:${PYTHONPATH} /usr/bin/python3 setup.py egg_info --egg-base build/ironman_object_follower build --build-base /home/burger/ros2_ws/src/ironman_object_follower/build/ironman_object_follower/build install --record /home/burger/ros2_ws/src/ironman_object_follower/build/ironman_object_follower/install.log --single-version-externally-managed
