[4.585s] Invoking command in '/home/burger/ros2_ws/src/ironman_object_follower': PYTHONPATH=/home/burger/ros2_ws/src/ironman_object_follower/build/ironman_object_follower/prefix_override:/home/burger/ros2_ws/src/ironman_object_follower/install/ironman_object_follower/lib/python3.10/site-packages:${PYTHONPATH} /usr/bin/python3 setup.py egg_info --egg-base build/ironman_object_follower build --build-base /home/burger/ros2_ws/src/ironman_object_follower/build/ironman_object_follower/build install --record /home/burger/ros2_ws/src/ironman_object_follower/build/ironman_object_follower/install.log --single-version-externally-managed
[5.577s] running egg_info
[5.644s] writing build/ironman_object_follower/ironman_object_follower.egg-info/PKG-INFO
[5.646s] writing dependency_links to build/ironman_object_follower/ironman_object_follower.egg-info/dependency_links.txt
[5.649s] writing entry points to build/ironman_object_follower/ironman_object_follower.egg-info/entry_points.txt
[5.652s] writing requirements to build/ironman_object_follower/ironman_object_follower.egg-info/requires.txt
[5.653s] writing top-level names to build/ironman_object_follower/ironman_object_follower.egg-info/top_level.txt
[5.776s] reading manifest file 'build/ironman_object_follower/ironman_object_follower.egg-info/SOURCES.txt'
[5.781s] writing manifest file 'build/ironman_object_follower/ironman_object_follower.egg-info/SOURCES.txt'
[5.782s] running build
[5.782s] running build_py
[5.786s] running install
[5.789s] /usr/local/lib/python3.10/dist-packages/setuptools/_distutils/cmd.py:66: SetuptoolsDeprecationWarning: setup.py install is deprecated.
[5.789s] !!
[5.790s] 
[5.790s]         ********************************************************************************
[5.790s]         Please avoid running ``setup.py`` directly.
[5.791s]         Instead, use pypa/build, pypa/installer or other
[5.791s]         standards-based tools.
[5.791s] 
[5.792s]         See https://blog.ganssle.io/articles/2021/10/setup-py-deprecated.html for details.
[5.792s]         ********************************************************************************
[5.792s] 
[5.793s] !!
[5.793s]   self.initialize_options()
[5.813s] running install_lib
[5.883s] running install_data
[5.943s] running install_egg_info
[6.016s] removing '/home/burger/ros2_ws/src/ironman_object_follower/install/ironman_object_follower/lib/python3.10/site-packages/ironman_object_follower-0.0.0-py3.10.egg-info' (and everything under it)
[6.018s] Copying build/ironman_object_follower/ironman_object_follower.egg-info to /home/burger/ros2_ws/src/ironman_object_follower/install/ironman_object_follower/lib/python3.10/site-packages/ironman_object_follower-0.0.0-py3.10.egg-info
[6.026s] running install_scripts
[6.662s] Installing view_image_raw script to /home/burger/ros2_ws/src/ironman_object_follower/install/ironman_object_follower/lib/ironman_object_follower
[6.663s] Installing view_image_raw2 script to /home/burger/ros2_ws/src/ironman_object_follower/install/ironman_object_follower/lib/ironman_object_follower
[6.665s] writing list of installed files to '/home/burger/ros2_ws/src/ironman_object_follower/build/ironman_object_follower/install.log'
[6.813s] Invoked command in '/home/burger/ros2_ws/src/ironman_object_follower' returned '0': PYTHONPATH=/home/burger/ros2_ws/src/ironman_object_follower/build/ironman_object_follower/prefix_override:/home/burger/ros2_ws/src/ironman_object_follower/install/ironman_object_follower/lib/python3.10/site-packages:${PYTHONPATH} /usr/bin/python3 setup.py egg_info --egg-base build/ironman_object_follower build --build-base /home/burger/ros2_ws/src/ironman_object_follower/build/ironman_object_follower/build install --record /home/burger/ros2_ws/src/ironman_object_follower/build/ironman_object_follower/install.log --single-version-externally-managed
