[4.120s] DEBUG:colcon:Command line arguments: ['/usr/bin/colcon', 'build']
[4.120s] DEBUG:colcon:Parsed command line arguments: Namespace(log_base=None, log_level=None, verb_name='build', build_base='build', install_base='install', merge_install=False, symlink_install=False, test_result_base=None, continue_on_error=False, executor='parallel', parallel_workers=4, event_handlers=None, ignore_user_meta=False, metas=['./colcon.meta'], base_paths=['.'], packages_ignore=None, packages_ignore_regex=None, paths=None, packages_up_to=None, packages_up_to_regex=None, packages_above=None, packages_above_and_dependencies=None, packages_above_depth=None, packages_select_by_dep=None, packages_skip_by_dep=None, packages_skip_up_to=None, packages_select_build_failed=False, packages_skip_build_finished=False, packages_select_test_failures=False, packages_skip_test_passed=False, packages_select=None, packages_skip=None, packages_select_regex=None, packages_skip_regex=None, packages_start=None, packages_end=None, allow_overriding=[], cmake_args=None, cmake_target=None, cmake_target_skip_unavailable=False, cmake_clean_cache=False, cmake_clean_first=False, cmake_force_configure=False, ament_cmake_args=None, catkin_cmake_args=None, catkin_skip_building_tests=False, verb_parser=<colcon_defaults.argument_parser.defaults.DefaultArgumentsDecorator object at 0xffff899c67a0>, verb_extension=<colcon_core.verb.build.BuildVerb object at 0xffff89dbe830>, main=<bound method BuildVerb.main of <colcon_core.verb.build.BuildVerb object at 0xffff89dbe830>>)
[4.373s] Level 1:colcon.colcon_core.package_discovery:discover_packages(colcon_meta) check parameters
[4.373s] Level 1:colcon.colcon_core.package_discovery:discover_packages(recursive) check parameters
[4.373s] Level 1:colcon.colcon_core.package_discovery:discover_packages(ignore) check parameters
[4.373s] Level 1:colcon.colcon_core.package_discovery:discover_packages(path) check parameters
[4.373s] Level 1:colcon.colcon_core.package_discovery:discover_packages(colcon_meta) discover
[4.374s] Level 1:colcon.colcon_core.package_discovery:discover_packages(recursive) discover
[4.374s] INFO:colcon.colcon_core.package_discovery:Crawling recursively for packages in '/home/burger/ros2_ws/src/ironman_object_follower'
[4.374s] Level 1:colcon.colcon_core.package_identification:_identify(.) by extensions ['ignore', 'ignore_ament_install']
[4.375s] Level 1:colcon.colcon_core.package_identification:_identify(.) by extension 'ignore'
[4.375s] Level 1:colcon.colcon_core.package_identification:_identify(.) by extension 'ignore_ament_install'
[4.375s] Level 1:colcon.colcon_core.package_identification:_identify(.) by extensions ['colcon_pkg']
[4.375s] Level 1:colcon.colcon_core.package_identification:_identify(.) by extension 'colcon_pkg'
[4.376s] Level 1:colcon.colcon_core.package_identification:_identify(.) by extensions ['colcon_meta']
[4.376s] Level 1:colcon.colcon_core.package_identification:_identify(.) by extension 'colcon_meta'
[4.376s] Level 1:colcon.colcon_core.package_identification:_identify(.) by extensions ['ros']
[4.376s] Level 1:colcon.colcon_core.package_identification:_identify(.) by extension 'ros'
[4.446s] DEBUG:colcon.colcon_core.package_identification:Package '.' with type 'ros.ament_python' and name 'ironman_object_follower'
[4.446s] Level 1:colcon.colcon_core.package_discovery:discover_packages(recursive) using defaults
[4.446s] Level 1:colcon.colcon_core.package_discovery:discover_packages(ignore) discover
[4.446s] Level 1:colcon.colcon_core.package_discovery:discover_packages(ignore) using defaults
[4.447s] Level 1:colcon.colcon_core.package_discovery:discover_packages(path) discover
[4.447s] Level 1:colcon.colcon_core.package_discovery:discover_packages(path) using defaults
[4.823s] Level 1:colcon.colcon_core.package_discovery:discover_packages(prefix_path) check parameters
[4.823s] Level 1:colcon.colcon_core.package_discovery:discover_packages(prefix_path) discover
[4.957s] DEBUG:colcon.colcon_installed_package_information.package_discovery:Found 1 installed packages in /home/burger/ros2_ws/src/ironman_object_follower/install
[5.017s] DEBUG:colcon.colcon_installed_package_information.package_discovery:Found 8 installed packages in /home/burger/dontTouch_ws/install
[5.085s] DEBUG:colcon.colcon_installed_package_information.package_discovery:Found 206 installed packages in /opt/ros/humble
[5.090s] Level 1:colcon.colcon_core.package_discovery:discover_packages(prefix_path) using defaults
[5.370s] Level 5:colcon.colcon_core.verb:set package 'ironman_object_follower' build argument 'cmake_args' from command line to 'None'
[5.371s] Level 5:colcon.colcon_core.verb:set package 'ironman_object_follower' build argument 'cmake_target' from command line to 'None'
[5.371s] Level 5:colcon.colcon_core.verb:set package 'ironman_object_follower' build argument 'cmake_target_skip_unavailable' from command line to 'False'
[5.371s] Level 5:colcon.colcon_core.verb:set package 'ironman_object_follower' build argument 'cmake_clean_cache' from command line to 'False'
[5.371s] Level 5:colcon.colcon_core.verb:set package 'ironman_object_follower' build argument 'cmake_clean_first' from command line to 'False'
[5.371s] Level 5:colcon.colcon_core.verb:set package 'ironman_object_follower' build argument 'cmake_force_configure' from command line to 'False'
[5.371s] Level 5:colcon.colcon_core.verb:set package 'ironman_object_follower' build argument 'ament_cmake_args' from command line to 'None'
[5.372s] Level 5:colcon.colcon_core.verb:set package 'ironman_object_follower' build argument 'catkin_cmake_args' from command line to 'None'
[5.372s] Level 5:colcon.colcon_core.verb:set package 'ironman_object_follower' build argument 'catkin_skip_building_tests' from command line to 'False'
[5.372s] DEBUG:colcon.colcon_core.verb:Building package 'ironman_object_follower' with the following arguments: {'ament_cmake_args': None, 'build_base': '/home/burger/ros2_ws/src/ironman_object_follower/build/ironman_object_follower', 'catkin_cmake_args': None, 'catkin_skip_building_tests': False, 'cmake_args': None, 'cmake_clean_cache': False, 'cmake_clean_first': False, 'cmake_force_configure': False, 'cmake_target': None, 'cmake_target_skip_unavailable': False, 'install_base': '/home/burger/ros2_ws/src/ironman_object_follower/install/ironman_object_follower', 'merge_install': False, 'path': '/home/burger/ros2_ws/src/ironman_object_follower', 'symlink_install': False, 'test_result_base': None}
[5.430s] INFO:colcon.colcon_core.executor:Executing jobs using 'parallel' executor
[5.496s] DEBUG:colcon.colcon_parallel_executor.executor.parallel:run_until_complete
[5.497s] INFO:colcon.colcon_ros.task.ament_python.build:Building ROS package in '/home/burger/ros2_ws/src/ironman_object_follower' with build type 'ament_python'
[5.498s] Level 1:colcon.colcon_core.shell:create_environment_hook('ironman_object_follower', 'ament_prefix_path')
[5.564s] INFO:colcon.colcon_core.plugin_system:Skipping extension 'colcon_core.shell.bat': Not used on non-Windows systems
[5.565s] INFO:colcon.colcon_core.shell:Creating environment hook '/home/burger/ros2_ws/src/ironman_object_follower/install/ironman_object_follower/share/ironman_object_follower/hook/ament_prefix_path.ps1'
[5.567s] INFO:colcon.colcon_core.shell:Creating environment descriptor '/home/burger/ros2_ws/src/ironman_object_follower/install/ironman_object_follower/share/ironman_object_follower/hook/ament_prefix_path.dsv'
[5.569s] INFO:colcon.colcon_core.shell:Creating environment hook '/home/burger/ros2_ws/src/ironman_object_follower/install/ironman_object_follower/share/ironman_object_follower/hook/ament_prefix_path.sh'
[5.637s] INFO:colcon.colcon_core.shell:Skip shell extension 'powershell' for command environment: Not usable outside of PowerShell
[5.638s] DEBUG:colcon.colcon_core.shell:Skip shell extension 'dsv' for command environment
[6.830s] INFO:colcon.colcon_core.task.python.build:Building Python package in '/home/burger/ros2_ws/src/ironman_object_follower'
[6.896s] INFO:colcon.colcon_core.shell:Skip shell extension 'powershell' for command environment: Not usable outside of PowerShell
[6.896s] DEBUG:colcon.colcon_core.shell:Skip shell extension 'dsv' for command environment
[9.596s] DEBUG:colcon.colcon_core.event_handler.log_command:Invoking command in '/home/burger/ros2_ws/src/ironman_object_follower': PYTHONPATH=/home/burger/ros2_ws/src/ironman_object_follower/build/ironman_object_follower/prefix_override:/home/burger/ros2_ws/src/ironman_object_follower/install/ironman_object_follower/lib/python3.10/site-packages:${PYTHONPATH} /usr/bin/python3 setup.py egg_info --egg-base build/ironman_object_follower build --build-base /home/burger/ros2_ws/src/ironman_object_follower/build/ironman_object_follower/build install --record /home/burger/ros2_ws/src/ironman_object_follower/build/ironman_object_follower/install.log --single-version-externally-managed
[11.857s] DEBUG:colcon.colcon_core.event_handler.log_command:Invoked command in '/home/burger/ros2_ws/src/ironman_object_follower' returned '0': PYTHONPATH=/home/burger/ros2_ws/src/ironman_object_follower/build/ironman_object_follower/prefix_override:/home/burger/ros2_ws/src/ironman_object_follower/install/ironman_object_follower/lib/python3.10/site-packages:${PYTHONPATH} /usr/bin/python3 setup.py egg_info --egg-base build/ironman_object_follower build --build-base /home/burger/ros2_ws/src/ironman_object_follower/build/ironman_object_follower/build install --record /home/burger/ros2_ws/src/ironman_object_follower/build/ironman_object_follower/install.log --single-version-externally-managed
[11.921s] Level 1:colcon.colcon_core.environment:checking '/home/burger/ros2_ws/src/ironman_object_follower/install/ironman_object_follower' for CMake module files
[11.924s] Level 1:colcon.colcon_core.environment:checking '/home/burger/ros2_ws/src/ironman_object_follower/install/ironman_object_follower' for CMake config files
[11.928s] Level 1:colcon.colcon_core.environment:checking '/home/burger/ros2_ws/src/ironman_object_follower/install/ironman_object_follower/lib'
[11.929s] Level 1:colcon.colcon_core.environment:checking '/home/burger/ros2_ws/src/ironman_object_follower/install/ironman_object_follower/bin'
[11.929s] Level 1:colcon.colcon_core.environment:checking '/home/burger/ros2_ws/src/ironman_object_follower/install/ironman_object_follower/lib/pkgconfig/ironman_object_follower.pc'
[11.930s] Level 1:colcon.colcon_core.environment:checking '/home/burger/ros2_ws/src/ironman_object_follower/install/ironman_object_follower/lib/python3.10/site-packages'
[11.930s] Level 1:colcon.colcon_core.shell:create_environment_hook('ironman_object_follower', 'pythonpath')
[11.996s] INFO:colcon.colcon_core.shell:Creating environment hook '/home/burger/ros2_ws/src/ironman_object_follower/install/ironman_object_follower/share/ironman_object_follower/hook/pythonpath.ps1'
[11.998s] INFO:colcon.colcon_core.shell:Creating environment descriptor '/home/burger/ros2_ws/src/ironman_object_follower/install/ironman_object_follower/share/ironman_object_follower/hook/pythonpath.dsv'
[12.000s] INFO:colcon.colcon_core.shell:Creating environment hook '/home/burger/ros2_ws/src/ironman_object_follower/install/ironman_object_follower/share/ironman_object_follower/hook/pythonpath.sh'
[12.003s] Level 1:colcon.colcon_core.environment:checking '/home/burger/ros2_ws/src/ironman_object_follower/install/ironman_object_follower/bin'
[12.003s] Level 1:colcon.colcon_core.environment:create_environment_scripts_only(ironman_object_follower)
[12.063s] INFO:colcon.colcon_core.shell:Creating package script '/home/burger/ros2_ws/src/ironman_object_follower/install/ironman_object_follower/share/ironman_object_follower/package.ps1'
[12.068s] INFO:colcon.colcon_core.shell:Creating package descriptor '/home/burger/ros2_ws/src/ironman_object_follower/install/ironman_object_follower/share/ironman_object_follower/package.dsv'
[12.070s] INFO:colcon.colcon_core.shell:Creating package script '/home/burger/ros2_ws/src/ironman_object_follower/install/ironman_object_follower/share/ironman_object_follower/package.sh'
[12.074s] INFO:colcon.colcon_core.shell:Creating package script '/home/burger/ros2_ws/src/ironman_object_follower/install/ironman_object_follower/share/ironman_object_follower/package.bash'
[12.078s] INFO:colcon.colcon_core.shell:Creating package script '/home/burger/ros2_ws/src/ironman_object_follower/install/ironman_object_follower/share/ironman_object_follower/package.zsh'
[12.081s] Level 1:colcon.colcon_core.environment:create_file_with_runtime_dependencies(/home/burger/ros2_ws/src/ironman_object_follower/install/ironman_object_follower/share/colcon-core/packages/ironman_object_follower)
[12.082s] DEBUG:colcon.colcon_parallel_executor.executor.parallel:closing loop
[12.084s] DEBUG:colcon.colcon_parallel_executor.executor.parallel:loop closed
[12.084s] DEBUG:colcon.colcon_parallel_executor.executor.parallel:run_until_complete finished with '0'
[12.084s] DEBUG:colcon.colcon_core.event_reactor:joining thread
[12.172s] INFO:colcon.colcon_core.plugin_system:Skipping extension 'colcon_notification.desktop_notification.notify_send': Could not find 'notify-send'
[12.172s] INFO:colcon.colcon_core.plugin_system:Skipping extension 'colcon_notification.desktop_notification.terminal_notifier': Not used on non-Darwin systems
[12.173s] INFO:colcon.colcon_core.plugin_system:Skipping extension 'colcon_notification.desktop_notification.win32': Not used on non-Windows systems
[12.173s] INFO:colcon.colcon_notification.desktop_notification:Sending desktop notification using 'notify2'
[12.177s] DEBUG:colcon.colcon_notification.desktop_notification.notify2:Failed to initialize notify2: org.freedesktop.DBus.Error.ServiceUnknown: The name org.freedesktop.Notifications was not provided by any .service files
[12.178s] DEBUG:colcon.colcon_core.event_reactor:joined thread
[12.237s] INFO:colcon.colcon_core.shell:Creating prefix script '/home/burger/ros2_ws/src/ironman_object_follower/install/local_setup.ps1'
[12.242s] INFO:colcon.colcon_core.shell:Creating prefix util module '/home/burger/ros2_ws/src/ironman_object_follower/install/_local_setup_util_ps1.py'
[12.248s] INFO:colcon.colcon_core.shell:Creating prefix chain script '/home/burger/ros2_ws/src/ironman_object_follower/install/setup.ps1'
[12.311s] INFO:colcon.colcon_core.shell:Creating prefix script '/home/burger/ros2_ws/src/ironman_object_follower/install/local_setup.sh'
[12.314s] INFO:colcon.colcon_core.shell:Creating prefix util module '/home/burger/ros2_ws/src/ironman_object_follower/install/_local_setup_util_sh.py'
[12.317s] INFO:colcon.colcon_core.shell:Creating prefix chain script '/home/burger/ros2_ws/src/ironman_object_follower/install/setup.sh'
[12.384s] INFO:colcon.colcon_core.shell:Creating prefix script '/home/burger/ros2_ws/src/ironman_object_follower/install/local_setup.bash'
[12.386s] INFO:colcon.colcon_core.shell:Creating prefix chain script '/home/burger/ros2_ws/src/ironman_object_follower/install/setup.bash'
[12.458s] INFO:colcon.colcon_core.shell:Creating prefix script '/home/burger/ros2_ws/src/ironman_object_follower/install/local_setup.zsh'
[12.461s] INFO:colcon.colcon_core.shell:Creating prefix chain script '/home/burger/ros2_ws/src/ironman_object_follower/install/setup.zsh'
