running develop
running egg_info
creating ironman_object_follower.egg-info
writing ironman_object_follower.egg-info/PKG-INFO
writing dependency_links to ironman_object_follower.egg-info/dependency_links.txt
writing entry points to ironman_object_follower.egg-info/entry_points.txt
writing requirements to ironman_object_follower.egg-info/requires.txt
writing top-level names to ironman_object_follower.egg-info/top_level.txt
writing manifest file 'ironman_object_follower.egg-info/SOURCES.txt'
reading manifest file 'ironman_object_follower.egg-info/SOURCES.txt'
writing manifest file 'ironman_object_follower.egg-info/SOURCES.txt'
running build_ext
Creating /home/burger/ros2_ws/src/ironman_object_follower/install/ironman_object_follower/lib/python3.10/site-packages/ironman-object-follower.egg-link (link to .)
Installing view_image_raw script to /home/burger/ros2_ws/src/ironman_object_follower/install/ironman_object_follower/lib/ironman_object_follower
Installing view_image_raw2 script to /home/burger/ros2_ws/src/ironman_object_follower/install/ironman_object_follower/lib/ironman_object_follower

Installed /home/burger/ros2_ws/src/ironman_object_follower/build/ironman_object_follower
running install_data
creating /home/burger/ros2_ws/src/ironman_object_follower/install/ironman_object_follower/share/ament_index
creating /home/burger/ros2_ws/src/ironman_object_follower/install/ironman_object_follower/share/ament_index/resource_index
creating /home/burger/ros2_ws/src/ironman_object_follower/install/ironman_object_follower/share/ament_index/resource_index/packages
copying resource/ironman_object_follower -> /home/burger/ros2_ws/src/ironman_object_follower/install/ironman_object_follower/share/ament_index/resource_index/packages
copying package.xml -> /home/burger/ros2_ws/src/ironman_object_follower/install/ironman_object_follower/share/ironman_object_follower
