[5.867s] Invoking command in '/home/burger/ros2_ws/src/ironman_object_follower': PYTHONPATH=/home/burger/ros2_ws/src/ironman_object_follower/build/ironman_object_follower/prefix_override:/home/burger/ros2_ws/src/ironman_object_follower/install/ironman_object_follower/lib/python3.10/site-packages:${PYTHONPATH} /usr/bin/python3 setup.py egg_info --egg-base build/ironman_object_follower build --build-base /home/burger/ros2_ws/src/ironman_object_follower/build/ironman_object_follower/build install --record /home/burger/ros2_ws/src/ironman_object_follower/build/ironman_object_follower/install.log --single-version-externally-managed
[7.160s] running egg_info
[7.281s] writing build/ironman_object_follower/ironman_object_follower.egg-info/PKG-INFO
[7.288s] writing dependency_links to build/ironman_object_follower/ironman_object_follower.egg-info/dependency_links.txt
[7.291s] writing entry points to build/ironman_object_follower/ironman_object_follower.egg-info/entry_points.txt
[7.295s] writing requirements to build/ironman_object_follower/ironman_object_follower.egg-info/requires.txt
[7.299s] writing top-level names to build/ironman_object_follower/ironman_object_follower.egg-info/top_level.txt
[7.469s] reading manifest file 'build/ironman_object_follower/ironman_object_follower.egg-info/SOURCES.txt'
[7.478s] writing manifest file 'build/ironman_object_follower/ironman_object_follower.egg-info/SOURCES.txt'
[7.480s] running build
[7.483s] running build_py
[7.489s] copying ironman_object_follower/view_image_raw2.py -> /home/burger/ros2_ws/src/ironman_object_follower/build/ironman_object_follower/build/lib/ironman_object_follower
[7.492s] running install
[7.494s] /usr/local/lib/python3.10/dist-packages/setuptools/_distutils/cmd.py:66: SetuptoolsDeprecationWarning: setup.py install is deprecated.
[7.495s] !!
[7.496s] 
[7.497s]         ********************************************************************************
[7.498s]         Please avoid running ``setup.py`` directly.
[7.498s]         Instead, use pypa/build, pypa/installer or other
[7.499s]         standards-based tools.
[7.500s] 
[7.502s]         See https://blog.ganssle.io/articles/2021/10/setup-py-deprecated.html for details.
[7.503s]         ********************************************************************************
[7.504s] 
[7.504s] !!
[7.505s]   self.initialize_options()
[7.530s] running install_lib
[7.610s] copying /home/burger/ros2_ws/src/ironman_object_follower/build/ironman_object_follower/build/lib/ironman_object_follower/view_image_raw2.py -> /home/burger/ros2_ws/src/ironman_object_follower/install/ironman_object_follower/lib/python3.10/site-packages/ironman_object_follower
[7.615s] byte-compiling /home/burger/ros2_ws/src/ironman_object_follower/install/ironman_object_follower/lib/python3.10/site-packages/ironman_object_follower/view_image_raw2.py to view_image_raw2.cpython-310.pyc
[7.622s] running install_data
[7.704s] running install_egg_info
[7.778s] removing '/home/burger/ros2_ws/src/ironman_object_follower/install/ironman_object_follower/lib/python3.10/site-packages/ironman_object_follower-0.0.0-py3.10.egg-info' (and everything under it)
[7.781s] Copying build/ironman_object_follower/ironman_object_follower.egg-info to /home/burger/ros2_ws/src/ironman_object_follower/install/ironman_object_follower/lib/python3.10/site-packages/ironman_object_follower-0.0.0-py3.10.egg-info
[7.789s] running install_scripts
[8.666s] Installing view_image_raw script to /home/burger/ros2_ws/src/ironman_object_follower/install/ironman_object_follower/lib/ironman_object_follower
[8.668s] Installing view_image_raw2 script to /home/burger/ros2_ws/src/ironman_object_follower/install/ironman_object_follower/lib/ironman_object_follower
[8.672s] writing list of installed files to '/home/burger/ros2_ws/src/ironman_object_follower/build/ironman_object_follower/install.log'
[8.867s] Invoked command in '/home/burger/ros2_ws/src/ironman_object_follower' returned '0': PYTHONPATH=/home/burger/ros2_ws/src/ironman_object_follower/build/ironman_object_follower/prefix_override:/home/burger/ros2_ws/src/ironman_object_follower/install/ironman_object_follower/lib/python3.10/site-packages:${PYTHONPATH} /usr/bin/python3 setup.py egg_info --egg-base build/ironman_object_follower build --build-base /home/burger/ros2_ws/src/ironman_object_follower/build/ironman_object_follower/build install --record /home/burger/ros2_ws/src/ironman_object_follower/build/ironman_object_follower/install.log --single-version-externally-managed
