[4.456s] Invoking command in '/home/burger/ros2_ws/src/ironman_object_follower': PYTHONPATH=/home/burger/ros2_ws/src/ironman_object_follower/build/ironman_object_follower/prefix_override:/home/burger/ros2_ws/src/ironman_object_follower/install/ironman_object_follower/lib/python3.10/site-packages:${PYTHONPATH} /usr/bin/python3 setup.py egg_info --egg-base build/ironman_object_follower build --build-base /home/burger/ros2_ws/src/ironman_object_follower/build/ironman_object_follower/build install --record /home/burger/ros2_ws/src/ironman_object_follower/build/ironman_object_follower/install.log --single-version-externally-managed
[5.405s] running egg_info
[5.470s] writing build/ironman_object_follower/ironman_object_follower.egg-info/PKG-INFO
[5.472s] writing dependency_links to build/ironman_object_follower/ironman_object_follower.egg-info/dependency_links.txt
[5.474s] writing entry points to build/ironman_object_follower/ironman_object_follower.egg-info/entry_points.txt
[5.475s] writing requirements to build/ironman_object_follower/ironman_object_follower.egg-info/requires.txt
[5.476s] writing top-level names to build/ironman_object_follower/ironman_object_follower.egg-info/top_level.txt
[5.596s] reading manifest file 'build/ironman_object_follower/ironman_object_follower.egg-info/SOURCES.txt'
[5.603s] writing manifest file 'build/ironman_object_follower/ironman_object_follower.egg-info/SOURCES.txt'
[5.604s] running build
[5.604s] running build_py
[5.610s] running install
[5.613s] /usr/local/lib/python3.10/dist-packages/setuptools/_distutils/cmd.py:66: SetuptoolsDeprecationWarning: setup.py install is deprecated.
[5.613s] !!
[5.614s] 
[5.614s]         ********************************************************************************
[5.614s]         Please avoid running ``setup.py`` directly.
[5.615s]         Instead, use pypa/build, pypa/installer or other
[5.615s]         standards-based tools.
[5.615s] 
[5.616s]         See https://blog.ganssle.io/articles/2021/10/setup-py-deprecated.html for details.
[5.616s]         ********************************************************************************
[5.616s] 
[5.617s] !!
[5.617s]   self.initialize_options()
[5.637s] running install_lib
[5.722s] running install_data
[5.793s] running install_egg_info
[5.863s] removing '/home/burger/ros2_ws/src/ironman_object_follower/install/ironman_object_follower/lib/python3.10/site-packages/ironman_object_follower-0.0.0-py3.10.egg-info' (and everything under it)
[5.865s] Copying build/ironman_object_follower/ironman_object_follower.egg-info to /home/burger/ros2_ws/src/ironman_object_follower/install/ironman_object_follower/lib/python3.10/site-packages/ironman_object_follower-0.0.0-py3.10.egg-info
[5.874s] running install_scripts
[6.513s] Installing view_image_raw script to /home/burger/ros2_ws/src/ironman_object_follower/install/ironman_object_follower/lib/ironman_object_follower
[6.516s] Installing view_image_raw2 script to /home/burger/ros2_ws/src/ironman_object_follower/install/ironman_object_follower/lib/ironman_object_follower
[6.519s] writing list of installed files to '/home/burger/ros2_ws/src/ironman_object_follower/build/ironman_object_follower/install.log'
[6.668s] Invoked command in '/home/burger/ros2_ws/src/ironman_object_follower' returned '0': PYTHONPATH=/home/burger/ros2_ws/src/ironman_object_follower/build/ironman_object_follower/prefix_override:/home/burger/ros2_ws/src/ironman_object_follower/install/ironman_object_follower/lib/python3.10/site-packages:${PYTHONPATH} /usr/bin/python3 setup.py egg_info --egg-base build/ironman_object_follower build --build-base /home/burger/ros2_ws/src/ironman_object_follower/build/ironman_object_follower/build install --record /home/burger/ros2_ws/src/ironman_object_follower/build/ironman_object_follower/install.log --single-version-externally-managed
